<?xml version="1.0" encoding="UTF-8"?>
<testsuite xmlns:xsi="http://www.w3.org/2001/XMLSchema-instance" xsi:noNamespaceSchemaLocation="https://maven.apache.org/surefire/maven-surefire-plugin/xsd/surefire-test-report.xsd" name="comontariotechusofe3980U.BinaryControllerTest" time="0.55" tests="14" errors="0" skipped="0" failures="0">
  <properties>
[...]
</properties>
  <testcase name="getDefault" classname="comontariotechusofe3980U.BinaryControllerTest" time="0.23"/>
  <testcase name="postOr" classname="comontariotechusofe3980U.BinaryControllerTest" time="0.007"/>
  <testcase name="postAnd" classname="comontariotechusofe3980U.BinaryControllerTest" time="0.003"/>
  <testcase name="postOr2" classname="comontariotechusofe3980U.BinaryControllerTest" time="0.003"/>
  <testcase name="postOr3" classname="comontariotechusofe3980U.BinaryControllerTest" time="0.002"/>
  <testcase name="postMultiply" classname="comontariotechusofe3980U.BinaryControllerTest" time="0.002"/>
  <testcase name="postAdd2" classname="comontariotechusofe3980U.BinaryControllerTest" time="0.003"/>
  <testcase name="postAdd3" classname="comontariotechusofe3980U.BinaryControllerTest" time="0.002"/>
  <testcase name="postAnd2" classname="comontariotechusofe3980U.BinaryControllerTest" time="0.003"/>
  <testcase name="postAnd3" classname="comontariotechusofe3980U.BinaryControllerTest" time="0.002"/>
  <testcase name="postParameter" classname="comontariotechusofe3980U.BinaryControllerTest" time="0.002"/>
  <testcase name="postMultiply2" classname="comontariotechusofe3980U.BinaryControllerTest" time="0.004"/>
  <testcase name="postMultiply3" classname="comontariotechusofe3980U.BinaryControllerTest" time="0.003"/>
  <testcase name="getParameter" classname="comontariotechusofe3980U.BinaryControllerTest" time="0.003"/>
</testsuite>